==============================================================================
20180127 16:23:13.770 - INFO - + START SUITE: Acceptancetest [ ]
==============================================================================
20180127 16:23:13.822 - INFO - +- START SUITE: Acceptancetest.HelloWorldTests [ ]
==============================================================================
20180127 16:23:13.830 - INFO - +-- START TEST: Say Hello [ ]
------------------------------------------------------------------------------
20180127 16:23:13.836 - INFO - +--- START KW: keywords.CustomKeywords.Greet Everyone [ ]
20180127 16:23:13.839 - INFO - +--- END KW: keywords.CustomKeywords.Greet Everyone (3)
------------------------------------------------------------------------------
20180127 16:23:13.882 - INFO - +-- END TEST: Say Hello (12)
------------------------------------------------------------------------------
20180127 16:23:13.884 - INFO - +-- START TEST: Say Hello In Pig Latin [ ]
------------------------------------------------------------------------------
20180127 16:23:13.887 - INFO - +--- START KW: keywords.CustomKeywords.Reverse Greet Everyone [ ]
20180127 16:23:13.890 - INFO - +--- END KW: keywords.CustomKeywords.Reverse Greet Everyone (2)
------------------------------------------------------------------------------
20180127 16:23:13.892 - INFO - +-- END TEST: Say Hello In Pig Latin (7)
------------------------------------------------------------------------------
20180127 16:23:13.894 - INFO - +-- START TEST: Make Sure You're Saying Hello [ ]
------------------------------------------------------------------------------
20180127 16:23:13.898 - INFO - +--- START KW: keywords.CustomKeywords.Greet Everyone [ ]
20180127 16:23:13.900 - INFO - ${result} = hello world
20180127 16:23:13.902 - INFO - +--- END KW: keywords.CustomKeywords.Greet Everyone (5)
~~~~~~~~~~~~~~~~~~~~~~~~~~~~~~~~~~~~~~~~~~~~~~~~~~~~~~~~~~~~~~~~~~~~~~~~~~~~~~
20180127 16:23:13.903 - INFO - +--- START KW: BuiltIn.Should Be Equal [ ${result} | hello world ]
20180127 16:23:13.910 - INFO - +--- END KW: BuiltIn.Should Be Equal (5)
------------------------------------------------------------------------------
20180127 16:23:13.912 - INFO - +-- END TEST: Make Sure You're Saying Hello (17)
------------------------------------------------------------------------------
20180127 16:23:13.915 - INFO - +-- START TEST: Make A Test That Fails [ ]
------------------------------------------------------------------------------
20180127 16:23:13.917 - INFO - +--- START KW: keywords.CustomKeywords.Reverse Greet Everyone [ ]
20180127 16:23:13.921 - INFO - ${result} = dlrow olleh
20180127 16:23:13.922 - INFO - +--- END KW: keywords.CustomKeywords.Reverse Greet Everyone (4)
~~~~~~~~~~~~~~~~~~~~~~~~~~~~~~~~~~~~~~~~~~~~~~~~~~~~~~~~~~~~~~~~~~~~~~~~~~~~~~
20180127 16:23:13.923 - INFO - +--- START KW: BuiltIn.Should Be Equal [ ${result} | dlrow olleh ]
20180127 16:23:13.929 - INFO - +--- END KW: BuiltIn.Should Be Equal (5)
------------------------------------------------------------------------------
20180127 16:23:13.932 - INFO - +-- END TEST: Make A Test That Fails (16)
------------------------------------------------------------------------------
20180127 16:23:13.940 - INFO - +- END SUITE: Acceptancetest.HelloWorldTests (159)
==============================================================================
20180127 16:23:13.948 - INFO - + END SUITE: Acceptancetest (409)
==============================================================================
